
GALFIT Version 3.0 -- June 27, 2009




#  Input menu file: 03_1742.gal.in.475.ver2.5


================================================================================
# IMAGE and GALFIT CONTROL PARAMETERS
A) h_v03_F475W_drz_cl_ver2.fits[1]      # Input data image (FITS file)
B) 03_1742.gal.out.475.ver2.5.fits      # Output data image block
C) none                # Sigma image name (made from data if blank or "none") 
D) tiny_03_no1742_47500_psf.fits #        # Input PSF image and (optional) diffusion kernel
E) 1                   # PSF fine sampling factor relative to data 
F) 03_1742.badmap.475.ver2.5.fits      # Bad pixel mask (FITS image or ASCII coord list)
G) none                # File with parameter constraints (ASCII file) 
H) 3100 3936 2679 3515 # Image region to fit (xmin xmax ymin ymax)
I) 836    836          # Size of the convolution box (x y)
J) 26.068              # Magnitude photometric zeropoint 
K) 0.050  0.050        # Plate scale (dx dy)   [arcsec per pixel]
O) regular             # Display type (regular, curses, both)
P) 0                   # Choose: 0=optimize, 1=model, 2=imgblock, 3=subcomps

# INITIAL FITTING PARAMETERS
#
#   For component type, the allowed functions are: 
#       sersic, expdisk, edgedisk, devauc, king, nuker, psf, 
#       gaussian, moffat, ferrer, and sky. 
#  
#   Hidden parameters will only appear when they're specified:
#       Bn (n=integer, Bending Modes).
#       C0 (diskyness/boxyness), 
#       Fn (n=integer, Azimuthal Fourier Modes).
#       R0-R10 (coordinate rotation, for creating spiral structures).
#       To, Ti, T0-T10 (truncation function).
# 
# ------------------------------------------------------------------------------
#   par)    par value(s)    fit toggle(s)    # parameter description 
# ------------------------------------------------------------------------------

# Component number: 1
 0) sersic                 #  Component type
 1) 3518.4619 3097.8479 1 1  #  Position x, y
 3) 17.8435     1          #  Integrated magnitude 
 4) 45.0300     1          #  R_e (effective radius)   [pix]
 5) 3.0000      1          #  Sersic index n (de Vaucouleurs n=4) 
 6) 0.0000      0          #     ----- 
 7) 0.0000      0          #     ----- 
 8) 0.0000      0          #     ----- 
 9) 0.8550      1          #  Axis ratio (b/a)  
10) 66.9000     1          #  Position angle (PA) [deg: Up=0, Left=90]
 Z) 0                      #  Skip this model in output image?  (yes=1, no=0)

# Component number: 2
 0) sky                    #  Component type
 1) 0.000e+00      1       #  Sky background at center of fitting region [ADUs]
 2) 0.000e+00      0       #  dsky/dx (sky gradient in x)     [ADUs/pix]
 3) 0.000e+00      0       #  dsky/dy (sky gradient in y)     [ADUs/pix]
 Z) 0                      #  Skip this model in output image?  (yes=1, no=0)

================================================================================



-- No constraint file found.
-- WARNING: The exposure time header is missing.  Default to 1 second.

-- No CCD charge diffusion kernel found or applied.
-- No sigma image.  Creating one using: GAIN=7.00, RDNOISE=0.00, NCOMBINE=2.0.

-- Estimating the sky mean and RMS to generate an internal sigma image.  This
   estimate won't work right if the product ADUxGAIN has a unit other than 
   [electrons] (e.g. MJy/sr or e-/sec). To turn off this feature, start by:   
                 galfit -noskyest <filename>  
   For other options, do:  
                 galfit -help  

   Est'd sky mean = 0.00, RMS = 0.01 ADUs.  (Are these fairly reasonable?)

================================================================================
Initial parameters:
 sersic    : ( 3518.46,  3097.85)   17.84     45.03    3.00    0.86    66.90
 sky       : [3518.00, 3097.00]  0.00e+00  [0.00e+00]  [0.00e+00]
================================================================================

Iteration : 1     Chi2nu: 6.846e-02     dChi2/Chi2: -3.40e+22   alamda: 1e-03     
 sersic    : ( 3518.64,  3097.99)   17.90     38.68    1.00    0.85    68.33
 sky       : [3518.00, 3097.00]  4.72e-04  [0.00e+00]  [0.00e+00]
COUNTDOWN = 99 

Iteration : 2     Chi2nu: 6.665e-02     dChi2/Chi2: -2.72e-02   alamda: 1e-04     
 sersic    : ( 3518.52,  3097.83)   17.88     42.35    1.27    0.86    67.40
 sky       : [3518.00, 3097.00]  6.21e-04  [0.00e+00]  [0.00e+00]
COUNTDOWN = 98 

Iteration : 3     Chi2nu: 6.662e-02     dChi2/Chi2: -4.74e-04   alamda: 1e-05     
 sersic    : ( 3518.56,  3097.88)   17.86     43.17    1.32    0.85    67.39
 sky       : [3518.00, 3097.00]  5.57e-04  [0.00e+00]  [0.00e+00]
COUNTDOWN = 97 

Iteration : 4     Chi2nu: 6.662e-02     dChi2/Chi2: -4.46e-06   alamda: 1e-06     
 sersic    : ( 3518.57,  3097.89)   17.86     43.16    1.33    0.85    67.41
 sky       : [3518.00, 3097.00]  5.53e-04  [0.00e+00]  [0.00e+00]
COUNTDOWN = 10 

Iteration : 5     Chi2nu: 6.662e-02     dChi2/Chi2: -2.44e-07   alamda: 1e-07     
 sersic    : ( 3518.57,  3097.89)   17.86     43.16    1.33    0.85    67.41
 sky       : [3518.00, 3097.00]  5.53e-04  [0.00e+00]  [0.00e+00]
COUNTDOWN = 9 

Iteration : 6     Chi2nu: 6.662e-02     dChi2/Chi2: 1.71e-08    alamda: 1e-08     
 sersic    : ( 3518.57,  3097.89)   17.86     43.16    1.33    0.85    67.41
 sky       : [3518.00, 3097.00]  5.53e-04  [0.00e+00]  [0.00e+00]
COUNTDOWN = 8 

Iteration : 7     Chi2nu: 6.662e-02     dChi2/Chi2: 1.49e-08    alamda: 1e-09     
 sersic    : ( 3518.57,  3097.89)   17.86     43.16    1.33    0.85    67.41
 sky       : [3518.00, 3097.00]  5.53e-04  [0.00e+00]  [0.00e+00]
COUNTDOWN = 7 

Iteration : 8     Chi2nu: 6.662e-02     dChi2/Chi2: 1.49e-08    alamda: 1e-08     
 sersic    : ( 3518.57,  3097.89)   17.86     43.16    1.33    0.85    67.41
 sky       : [3518.00, 3097.00]  5.53e-04  [0.00e+00]  [0.00e+00]
COUNTDOWN = 6 

Iteration : 9     Chi2nu: 6.662e-02     dChi2/Chi2: 1.49e-08    alamda: 1e-07     
 sersic    : ( 3518.57,  3097.89)   17.86     43.16    1.33    0.85    67.41
 sky       : [3518.00, 3097.00]  5.53e-04  [0.00e+00]  [0.00e+00]
COUNTDOWN = 5 

Iteration : 10    Chi2nu: 6.662e-02     dChi2/Chi2: 1.49e-08    alamda: 1e-06     
 sersic    : ( 3518.57,  3097.89)   17.86     43.16    1.33    0.85    67.41
 sky       : [3518.00, 3097.00]  5.53e-04  [0.00e+00]  [0.00e+00]
COUNTDOWN = 4 

Iteration : 11    Chi2nu: 6.662e-02     dChi2/Chi2: 1.49e-08    alamda: 1e-05     
 sersic    : ( 3518.57,  3097.89)   17.86     43.16    1.33    0.85    67.41
 sky       : [3518.00, 3097.00]  5.53e-04  [0.00e+00]  [0.00e+00]
COUNTDOWN = 3 

Iteration : 12    Chi2nu: 6.662e-02     dChi2/Chi2: 1.49e-08    alamda: 1e-04     
 sersic    : ( 3518.57,  3097.89)   17.86     43.16    1.33    0.85    67.41
 sky       : [3518.00, 3097.00]  5.53e-04  [0.00e+00]  [0.00e+00]
COUNTDOWN = 2 

Iteration : 13    Chi2nu: 6.662e-02     dChi2/Chi2: 1.49e-08    alamda: 1e-03     
 sersic    : ( 3518.57,  3097.89)   17.86     43.16    1.33    0.85    67.41
 sky       : [3518.00, 3097.00]  5.53e-04  [0.00e+00]  [0.00e+00]
COUNTDOWN = 1 

Iteration : 14    Chi2nu: 6.662e-02     dChi2/Chi2: 1.49e-08    alamda: 1e-02     
 sersic    : ( 3518.57,  3097.89)   17.86     43.16    1.33    0.85    67.41
 sky       : [3518.00, 3097.00]  5.53e-04  [0.00e+00]  [0.00e+00]
COUNTDOWN = 0 


Fit summary is now being saved into `fit.log'.

